[38;5;0m[HTTP][0m [37m-->[39m [37mPOST[39m [37m/session[39m
[38;5;0m[HTTP][0m [90m{"capabilities":{"alwaysMatch":{"appium:deviceName":"Redmi Note 9 Pro","appium:platformName":"Android","appium:platformVersion":"12 SKQ1.211019.001","appium:automationName":"UIAutomator2","appium:appPackage":"com.instagram.android","appium:appActivity":"com.instagram.mainactivity.MainActivity","appium:noReset":true,"appium:autoGrantPermissions":true,"appium:forceAppLaunch":true},"firstMatch":[{}]},"desiredCapabilities":{"appium:deviceName":"Redmi Note 9 Pro","appium:platformName":"Android","appium:platformVersion":"12 SKQ1.211019.001","appium:automationName":"UIAutomator2","appium:appPackage":"com.instagram.android","appium:appActivity":"com.instagram.mainactivity.MainActivity","appium:noReset":true,"appium:autoGrantPermissions":true,"appium:forceAppLaunch":true}}[39m
[debug] [38;5;16m[AppiumDriver@4de4][0m Calling AppiumDriver.createSession() with args: [{"appium:deviceName":"Redmi Note 9 Pro","appium:platformName":"Android","appium:platformVersion":"12 SKQ1.211019.001","appium:automationName":"UIAutomator2","appium:appPackage":"com.instagram.android","appium:appActivity":"com.instagram.mainactivity.MainActivity","appium:noReset":true,"appium:autoGrantPermissions":true,"appium:forceAppLaunch":true},null,{"alwaysMatch":{"appium:deviceName":"Redmi Note 9 Pro","appium:platformName":"Android","appium:platformVersion":"12 SKQ1.211019.001","appium:automationName":"UIAutomator2","appium:appPackage":"com.instagram.android","appium:appActivity":"com.instagram.mainactivity.MainActivity","appium:noReset":true,"appium:autoGrantPermissions":true,"appium:forceAppLaunch":true},"firstMatch":[{}]}]
[debug] [38;5;16m[AppiumDriver@4de4][0m Event 'newSessionRequested' logged at 1695568583900 (22:16:23 GMT+0700 (Western Indonesia Time))
[38;5;32m[BaseDriver][0m The capabilities ["platformName"] are standard capabilities and do not require "appium:" prefix
[35m[Appium][39m Attempting to find matching driver for automationName 'UIAutomator2' and platformName 'Android'
[35m[Appium][39m The 'uiautomator2' driver was installed and matched caps.
[35m[Appium][39m Will require it at C:\Users\Muhammad Zikri\.appium\node_modules\appium-uiautomator2-driver
[debug] [35m[Appium][39m Requiring driver at C:\Users\Muhammad Zikri\.appium\node_modules\appium-uiautomator2-driver
[38;5;16m[AppiumDriver@4de4][0m Appium v2.1.3 creating new AndroidUiautomator2Driver (v2.29.2) session
[38;5;16m[AppiumDriver@4de4][0m Checking BaseDriver versions for Appium and AndroidUiautomator2Driver
[38;5;16m[AppiumDriver@4de4][0m Appium's BaseDriver version is 9.3.20
[38;5;16m[AppiumDriver@4de4][0m AndroidUiautomator2Driver's BaseDriver version is 9.3.15
[debug] [38;5;48m[AndroidUiautomator2Driver@b882][0m Creating session with W3C capabilities: {
[debug] [38;5;48m[AndroidUiautomator2Driver@b882][0m   "alwaysMatch": {
[debug] [38;5;48m[AndroidUiautomator2Driver@b882][0m     "appium:deviceName": "Redmi Note 9 Pro",
[debug] [38;5;48m[AndroidUiautomator2Driver@b882][0m     "platformName": "Android",
[debug] [38;5;48m[AndroidUiautomator2Driver@b882][0m     "appium:platformVersion": "12 SKQ1.211019.001",
[debug] [38;5;48m[AndroidUiautomator2Driver@b882][0m     "appium:automationName": "UIAutomator2",
[debug] [38;5;48m[AndroidUiautomator2Driver@b882][0m     "appium:appPackage": "com.instagram.android",
[debug] [38;5;48m[AndroidUiautomator2Driver@b882][0m     "appium:appActivity": "com.instagram.mainactivity.MainActivity",
[debug] [38;5;48m[AndroidUiautomator2Driver@b882][0m     "appium:noReset": true,
[debug] [38;5;48m[AndroidUiautomator2Driver@b882][0m     "appium:autoGrantPermissions": true,
[debug] [38;5;48m[AndroidUiautomator2Driver@b882][0m     "appium:forceAppLaunch": true
[debug] [38;5;48m[AndroidUiautomator2Driver@b882][0m   },
[debug] [38;5;48m[AndroidUiautomator2Driver@b882][0m   "firstMatch": [
[debug] [38;5;48m[AndroidUiautomator2Driver@b882][0m     {}
[debug] [38;5;48m[AndroidUiautomator2Driver@b882][0m   ]
[debug] [38;5;48m[AndroidUiautomator2Driver@b882][0m }
[38;5;48m[AndroidUiautomator2Driver@b882][0m The following capabilities were provided, but are not recognized by Appium:
[38;5;48m[AndroidUiautomator2Driver@b882][0m   deviceName
[38;5;48m[AndroidUiautomator2Driver@b882 (779ba56b)][0m Session created with session id: 779ba56b-93b6-4775-aa91-54bd2fc49b31
[38;5;48m[AndroidUiautomator2Driver@b882 (779ba56b)][0m Starting 'com.instagram.android' directly on the device
[38;5;64m[ADB][0m Found 3 'build-tools' folders under 'C:\Users\Muhammad Zikri\AppData\Local\Android\Sdk' (newest first):
[38;5;64m[ADB][0m     C:/Users/Muhammad Zikri/AppData/Local/Android/Sdk/build-tools/31.0.0
[38;5;64m[ADB][0m     C:/Users/Muhammad Zikri/AppData/Local/Android/Sdk/build-tools/30.0.3
[38;5;64m[ADB][0m     C:/Users/Muhammad Zikri/AppData/Local/Android/Sdk/build-tools/30.0.2
[38;5;64m[ADB][0m Using 'adb.exe' from 'C:\Users\Muhammad Zikri\AppData\Local\Android\Sdk\platform-tools\adb.exe'
[debug] [38;5;64m[ADB][0m Running 'C:\Users\Muhammad Zikri\AppData\Local\Android\Sdk\platform-tools\adb.exe -P 5037 start-server'
[38;5;80m[AndroidDriver][0m Retrieving device list
[debug] [38;5;64m[ADB][0m Trying to find a connected android device
[debug] [38;5;64m[ADB][0m Getting connected devices
[debug] [38;5;64m[ADB][0m Connected devices: [{"udid":"54cc2b5d","state":"device"}]
[38;5;80m[AndroidDriver][0m Looking for a device with Android '12.0.0'
[debug] [38;5;64m[ADB][0m Setting device id to 54cc2b5d
[38;5;64m[ADB][0m Getting device platform version
[debug] [38;5;64m[ADB][0m Running 'C:\Users\Muhammad Zikri\AppData\Local\Android\Sdk\platform-tools\adb.exe -P 5037 -s 54cc2b5d shell getprop ro.build.version.release'
[debug] [38;5;64m[ADB][0m Current device property 'ro.build.version.release': 12
[38;5;80m[AndroidDriver][0m Using device: 54cc2b5d
[38;5;64m[ADB][0m Using 'adb.exe' from 'C:\Users\Muhammad Zikri\AppData\Local\Android\Sdk\platform-tools\adb.exe'
[debug] [38;5;64m[ADB][0m Running 'C:\Users\Muhammad Zikri\AppData\Local\Android\Sdk\platform-tools\adb.exe -P 5037 start-server'
[debug] [38;5;64m[ADB][0m Setting device id to 54cc2b5d
[debug] [38;5;64m[ADB][0m Running 'C:\Users\Muhammad Zikri\AppData\Local\Android\Sdk\platform-tools\adb.exe -P 5037 -s 54cc2b5d shell getprop ro.build.version.sdk'
[debug] [38;5;64m[ADB][0m Current device property 'ro.build.version.sdk': 31
[38;5;64m[ADB][0m Getting device platform version
[debug] [38;5;64m[ADB][0m Running 'C:\Users\Muhammad Zikri\AppData\Local\Android\Sdk\platform-tools\adb.exe -P 5037 -s 54cc2b5d shell getprop ro.build.version.release'
[debug] [38;5;64m[ADB][0m Current device property 'ro.build.version.release': 12
[debug] [38;5;64m[ADB][0m Device API level: 31
[38;5;48m[AndroidUiautomator2Driver@b882 (779ba56b)][0m Relaxing hidden api policy
[debug] [38;5;64m[ADB][0m Running 'C:\Users\Muhammad Zikri\AppData\Local\Android\Sdk\platform-tools\adb.exe -P 5037 -s 54cc2b5d shell 'settings put global hidden_api_policy_pre_p_apps 1;settings put global hidden_api_policy_p_apps 1;settings put global hidden_api_policy 1''
[38;5;80m[AndroidDriver][0m No app sent in, not parsing package/activity
[debug] [38;5;80m[AndroidDriver][0m Pushing settings apk to device...
[debug] [38;5;64m[ADB][0m Getting package info for 'io.appium.settings'
[debug] [38;5;64m[ADB][0m Running 'C:\Users\Muhammad Zikri\AppData\Local\Android\Sdk\platform-tools\adb.exe -P 5037 -s 54cc2b5d shell dumpsys package io.appium.settings'
[debug] [38;5;64m[ADB][0m The version name of the installed 'io.appium.settings' is greater or equal to the application version name ('5.0.5' >= '5.0.5')
[debug] [38;5;64m[ADB][0m There is no need to install/upgrade 'C:\Users\Muhammad Zikri\.appium\node_modules\appium-uiautomator2-driver\node_modules\io.appium.settings\apks\settings_apk-debug.apk'
[debug] [38;5;64m[ADB][0m Getting IDs of all 'io.appium.settings' processes
[debug] [38;5;64m[ADB][0m Running 'C:\Users\Muhammad Zikri\AppData\Local\Android\Sdk\platform-tools\adb.exe -P 5037 -s 54cc2b5d shell 'pgrep --help; echo $?''
[debug] [38;5;64m[ADB][0m Running 'C:\Users\Muhammad Zikri\AppData\Local\Android\Sdk\platform-tools\adb.exe -P 5037 -s 54cc2b5d shell pgrep -f \(\[\[:blank:\]\]\|\^\)io\.appium\.settings\(\[\[:blank:\]\]\|\$\)'
[debug] [38;5;80m[AndroidDriver][0m io.appium.settings is already running. There is no need to reset its permissions.
[debug] [38;5;64m[ADB][0m Running 'C:\Users\Muhammad Zikri\AppData\Local\Android\Sdk\platform-tools\adb.exe -P 5037 -s 54cc2b5d shell appops set io.appium.settings android:mock_location allow'
[debug] [38;5;64m[ADB][0m Running 'C:\Users\Muhammad Zikri\AppData\Local\Android\Sdk\platform-tools\adb.exe -P 5037 -s 54cc2b5d shell "[ -e '/data/local/tmp/mock_apps.json' ] && echo __PASS__"'
[debug] [38;5;64m[ADB][0m Running 'C:\Users\Muhammad Zikri\AppData\Local\Android\Sdk\platform-tools\adb.exe -P 5037 -s 54cc2b5d shell cat /data/local/tmp/mock_apps.json'
[debug] [38;5;96m[Logcat][0m Starting logs capture with command: 'C:\\Users\\Muhammad Zikri\\AppData\\Local\\Android\\Sdk\\platform-tools\\adb.exe' -P 5037 -s 54cc2b5d logcat -v threadtime
[debug] [38;5;48m[AndroidUiautomator2Driver@b882 (779ba56b)][0m Forwarding UiAutomator2 Server port 6790 to local port 8201
[debug] [38;5;64m[ADB][0m Forwarding system: 8201 to device: 6790
[debug] [38;5;64m[ADB][0m Running 'C:\Users\Muhammad Zikri\AppData\Local\Android\Sdk\platform-tools\adb.exe -P 5037 -s 54cc2b5d forward tcp:8201 tcp:6790'
[debug] [38;5;64m[ADB][0m Checking app cert for C:\Users\Muhammad Zikri\.appium\node_modules\appium-uiautomator2-driver\node_modules\appium-uiautomator2-server\apks\appium-uiautomator2-server-v5.12.2.apk
[debug] [38;5;64m[ADB][0m Checking app cert for C:\Users\Muhammad Zikri\.appium\node_modules\appium-uiautomator2-driver\node_modules\appium-uiautomator2-server\apks\appium-uiautomator2-server-debug-androidTest.apk
[38;5;64m[ADB][0m Using 'apksigner.jar' from 'C:\Users\Muhammad Zikri\AppData\Local\Android\Sdk\build-tools\31.0.0\lib\apksigner.jar'
[debug] [38;5;64m[ADB][0m Starting apksigner: 'C:\\Program Files\\Common Files\\Oracle\\Java\\javapath\\java.exe' -Xmx1024M -Xss1m -jar 'C:\\Users\\Muhammad Zikri\\AppData\\Local\\Android\\Sdk\\build-tools\\31.0.0\\lib\\apksigner.jar' verify --print-certs 'C:\\Users\\Muhammad Zikri\\.appium\\node_modules\\appium-uiautomator2-driver\\node_modules\\appium-uiautomator2-server\\apks\\appium-uiautomator2-server-debug-androidTest.apk'
[debug] [38;5;64m[ADB][0m Starting apksigner: 'C:\\Program Files\\Common Files\\Oracle\\Java\\javapath\\java.exe' -Xmx1024M -Xss1m -jar 'C:\\Users\\Muhammad Zikri\\AppData\\Local\\Android\\Sdk\\build-tools\\31.0.0\\lib\\apksigner.jar' verify --print-certs 'C:\\Users\\Muhammad Zikri\\.appium\\node_modules\\appium-uiautomator2-driver\\node_modules\\appium-uiautomator2-server\\apks\\appium-uiautomator2-server-v5.12.2.apk'
[debug] [38;5;64m[ADB][0m apksigner stdout: Signer #1 certificate DN: EMAILADDRESS=android@android.com, CN=Android, OU=Android, O=Android, L=Mountain View, ST=California, C=US
[debug] [38;5;64m[ADB][0m Signer #1 certificate SHA-256 digest: a40da80a59d170caa950cf15c18c454d47a39b26989d8b640ecd745ba71bf5dc
[debug] [38;5;64m[ADB][0m Signer #1 certificate SHA-1 digest: 61ed377e85d386a8dfee6b864bd85b0bfaa5af81
[debug] [38;5;64m[ADB][0m Signer #1 certificate MD5 digest: e89b158e4bcf988ebd09eb83f5378e87
[debug] [38;5;64m[ADB][0m 
[debug] [38;5;64m[ADB][0m sha256 hash did match for 'appium-uiautomator2-server-debug-androidTest.apk'
[38;5;64m[ADB][0m 'C:\Users\Muhammad Zikri\.appium\node_modules\appium-uiautomator2-driver\node_modules\appium-uiautomator2-server\apks\appium-uiautomator2-server-debug-androidTest.apk' is signed with the default certificate
[debug] [38;5;64m[ADB][0m Getting install status for io.appium.uiautomator2.server.test
[debug] [38;5;64m[ADB][0m Running 'C:\Users\Muhammad Zikri\AppData\Local\Android\Sdk\platform-tools\adb.exe -P 5037 -s 54cc2b5d shell pm path io.appium.uiautomator2.server.test'
[debug] [38;5;64m[ADB][0m 'io.appium.uiautomator2.server.test' is installed
[debug] [38;5;64m[ADB][0m apksigner stdout: Signer #1 certificate DN: EMAILADDRESS=android@android.com, CN=Android, OU=Android, O=Android, L=Mountain View, ST=California, C=US
[debug] [38;5;64m[ADB][0m Signer #1 certificate SHA-256 digest: a40da80a59d170caa950cf15c18c454d47a39b26989d8b640ecd745ba71bf5dc
[debug] [38;5;64m[ADB][0m Signer #1 certificate SHA-1 digest: 61ed377e85d386a8dfee6b864bd85b0bfaa5af81
[debug] [38;5;64m[ADB][0m Signer #1 certificate MD5 digest: e89b158e4bcf988ebd09eb83f5378e87
[debug] [38;5;64m[ADB][0m 
[debug] [38;5;64m[ADB][0m sha256 hash did match for 'appium-uiautomator2-server-v5.12.2.apk'
[38;5;64m[ADB][0m 'C:\Users\Muhammad Zikri\.appium\node_modules\appium-uiautomator2-driver\node_modules\appium-uiautomator2-server\apks\appium-uiautomator2-server-v5.12.2.apk' is signed with the default certificate
[debug] [38;5;64m[ADB][0m Getting package info for 'io.appium.uiautomator2.server'
[debug] [38;5;64m[ADB][0m Running 'C:\Users\Muhammad Zikri\AppData\Local\Android\Sdk\platform-tools\adb.exe -P 5037 -s 54cc2b5d shell dumpsys package io.appium.uiautomator2.server'
[debug] [38;5;64m[ADB][0m The version name of the installed 'io.appium.uiautomator2.server' is greater or equal to the application version name ('5.12.2' >= '5.12.2')
[debug] [38;5;48m[AndroidUiautomator2Driver@b882 (779ba56b)][0m Server packages status: [{"wasSigned":true,"installState":"sameVersionInstalled","appPath":"C:\\Users\\Muhammad Zikri\\.appium\\node_modules\\appium-uiautomator2-driver\\node_modules\\appium-uiautomator2-server\\apks\\appium-uiautomator2-server-v5.12.2.apk","appId":"io.appium.uiautomator2.server"},{"wasSigned":true,"installState":"sameVersionInstalled","appPath":"C:\\Users\\Muhammad Zikri\\.appium\\node_modules\\appium-uiautomator2-driver\\node_modules\\appium-uiautomator2-server\\apks\\appium-uiautomator2-server-debug-androidTest.apk","appId":"io.appium.uiautomator2.server.test"}]
[38;5;48m[AndroidUiautomator2Driver@b882 (779ba56b)][0m Server packages are not going to be (re)installed
[debug] [38;5;48m[AndroidUiautomator2Driver@b882 (779ba56b)][0m Waiting up to 30000ms for services to be available
[debug] [38;5;64m[ADB][0m Running 'C:\Users\Muhammad Zikri\AppData\Local\Android\Sdk\platform-tools\adb.exe -P 5037 -s 54cc2b5d shell pm list instrumentation'
[debug] [38;5;48m[AndroidUiautomator2Driver@b882 (779ba56b)][0m Instrumentation target 'io.appium.uiautomator2.server.test/androidx.test.runner.AndroidJUnitRunner' is available
[38;5;64m[ADB][0m Adding packages ["io.appium.settings","io.appium.uiautomator2.server","io.appium.uiautomator2.server.test"] to Doze whitelist
[debug] [38;5;64m[ADB][0m Got the following command chunks to execute: [["dumpsys","deviceidle","whitelist","+io.appium.settings",";","dumpsys","deviceidle","whitelist","+io.appium.uiautomator2.server",";","dumpsys","deviceidle","whitelist","+io.appium.uiautomator2.server.test",";"]]
[debug] [38;5;64m[ADB][0m Running 'C:\Users\Muhammad Zikri\AppData\Local\Android\Sdk\platform-tools\adb.exe -P 5037 -s 54cc2b5d shell dumpsys deviceidle whitelist +io.appium.settings ; dumpsys deviceidle whitelist +io.appium.uiautomator2.server ; dumpsys deviceidle whitelist +io.appium.uiautomator2.server.test ;'
[debug] [38;5;48m[AndroidUiautomator2Driver@b882 (779ba56b)][0m No app capability. Assuming it is already on the device
[debug] [38;5;48m[AndroidUiautomator2Driver@b882 (779ba56b)][0m Performing shallow cleanup of automation leftovers
[debug] [38;5;48m[AndroidUiautomator2Driver@b882 (779ba56b)][0m No obsolete sessions have been detected (socket hang up)
[debug] [38;5;64m[ADB][0m Running 'C:\Users\Muhammad Zikri\AppData\Local\Android\Sdk\platform-tools\adb.exe -P 5037 -s 54cc2b5d shell am force-stop io.appium.uiautomator2.server.test'
[38;5;48m[AndroidUiautomator2Driver@b882 (779ba56b)][0m Starting UIAutomator2 server 5.12.2
[38;5;48m[AndroidUiautomator2Driver@b882 (779ba56b)][0m Using UIAutomator2 server from 'C:\Users\Muhammad Zikri\.appium\node_modules\appium-uiautomator2-driver\node_modules\appium-uiautomator2-server\apks\appium-uiautomator2-server-v5.12.2.apk' and test from 'C:\Users\Muhammad Zikri\.appium\node_modules\appium-uiautomator2-driver\node_modules\appium-uiautomator2-server\apks\appium-uiautomator2-server-debug-androidTest.apk'
[38;5;48m[AndroidUiautomator2Driver@b882 (779ba56b)][0m Waiting up to 30000ms for UiAutomator2 to be online...
[debug] [38;5;64m[ADB][0m Creating ADB subprocess with args: ["-P","5037","-s","54cc2b5d","shell","am","instrument","-w","-e","disableAnalytics",true,"io.appium.uiautomator2.server.test/androidx.test.runner.AndroidJUnitRunner"]
[debug] [38;5;48m[AndroidUiautomator2Driver@b882 (779ba56b)][0m Matched '/status' to command name 'getStatus'
[debug] [38;5;48m[AndroidUiautomator2Driver@b882 (779ba56b)][0m Proxying [GET /status] to [GET http://127.0.0.1:8201/status] with no body
[38;5;48m[AndroidUiautomator2Driver@b882 (779ba56b)][0m socket hang up
[debug] [38;5;48m[AndroidUiautomator2Driver@b882 (779ba56b)][0m Matched '/status' to command name 'getStatus'
[debug] [38;5;48m[AndroidUiautomator2Driver@b882 (779ba56b)][0m Proxying [GET /status] to [GET http://127.0.0.1:8201/status] with no body
[38;5;48m[AndroidUiautomator2Driver@b882 (779ba56b)][0m socket hang up
[debug] [38;5;48m[AndroidUiautomator2Driver@b882 (779ba56b)][0m Matched '/status' to command name 'getStatus'
[debug] [38;5;48m[AndroidUiautomator2Driver@b882 (779ba56b)][0m Proxying [GET /status] to [GET http://127.0.0.1:8201/status] with no body
[38;5;48m[AndroidUiautomator2Driver@b882 (779ba56b)][0m socket hang up
[debug] [38;5;48m[AndroidUiautomator2Driver@b882 (779ba56b)][0m Matched '/status' to command name 'getStatus'
[debug] [38;5;48m[AndroidUiautomator2Driver@b882 (779ba56b)][0m Proxying [GET /status] to [GET http://127.0.0.1:8201/status] with no body
[38;5;48m[AndroidUiautomator2Driver@b882 (779ba56b)][0m socket hang up
[debug] [38;5;112m[Instrumentation][0m io.appium.uiautomator2.server.test.AppiumUiAutomator2Server:
[debug] [38;5;48m[AndroidUiautomator2Driver@b882 (779ba56b)][0m Matched '/status' to command name 'getStatus'
[debug] [38;5;48m[AndroidUiautomator2Driver@b882 (779ba56b)][0m Proxying [GET /status] to [GET http://127.0.0.1:8201/status] with no body
[38;5;48m[AndroidUiautomator2Driver@b882 (779ba56b)][0m socket hang up
[debug] [38;5;48m[AndroidUiautomator2Driver@b882 (779ba56b)][0m Matched '/status' to command name 'getStatus'
[debug] [38;5;48m[AndroidUiautomator2Driver@b882 (779ba56b)][0m Proxying [GET /status] to [GET http://127.0.0.1:8201/status] with no body
[38;5;48m[AndroidUiautomator2Driver@b882 (779ba56b)][0m socket hang up
[debug] [38;5;48m[AndroidUiautomator2Driver@b882 (779ba56b)][0m Matched '/status' to command name 'getStatus'
[debug] [38;5;48m[AndroidUiautomator2Driver@b882 (779ba56b)][0m Proxying [GET /status] to [GET http://127.0.0.1:8201/status] with no body
[debug] [38;5;48m[AndroidUiautomator2Driver@b882 (779ba56b)][0m Got response with status 200: {"sessionId":"None","value":{"message":"UiAutomator2 Server is ready to accept commands","ready":true}}
[debug] [38;5;48m[AndroidUiautomator2Driver@b882 (779ba56b)][0m The initialization of the instrumentation process took 6261ms
[debug] [38;5;48m[AndroidUiautomator2Driver@b882 (779ba56b)][0m Matched '/session' to command name 'createSession'
[debug] [38;5;48m[AndroidUiautomator2Driver@b882 (779ba56b)][0m Proxying [POST /session] to [POST http://127.0.0.1:8201/session] with body: {"capabilities":{"firstMatch":[{"platform":"LINUX","webStorageEnabled":false,"takesScreenshot":true,"javascriptEnabled":true,"databaseEnabled":false,"networkConnectionEnabled":true,"locationContextEnabled":false,"warnings":{},"desired":{"platformName":"Android","deviceName":"Redmi Note 9 Pro","platformVersion":"12 SKQ1.211019.001","automationName":"UIAutomator2","appPackage":"com.instagram.android","appActivity":"com.instagram.mainactivity.MainActivity","noReset":true,"autoGrantPermissions":true,"forceAppLaunch":true},"platformName":"Android","deviceName":"54cc2b5d","platformVersion":"12 SKQ1.211019.001","automationName":"UIAutomator2","appPackage":"com.instagram.android","appActivity":"com.instagram.mainactivity.MainActivity","noReset":true,"autoGrantPermissions":true,"forceAppLaunch":true,"deviceUDID":"54cc2b5d"}],"alwaysMatch":{}}}
[debug] [38;5;48m[AndroidUiautomator2Driver@b882 (779ba56b)][0m Got response with status 200: {"sessionId":"1b5f7e62-d4cb-411b-9f5a-48bc91740038","value":{"capabilities":{"firstMatch":[{"platform":"LINUX","webStorageEnabled":false,"takesScreenshot":true,"javascriptEnabled":true,"databaseEnabled":false,"networkConnectionEnabled":true,"locationContextEnabled":false,"warnings":{},"desired":{"platformName":"Android","deviceName":"Redmi Note 9 Pro","platformVersion":"12 SKQ1.211019.001","automationName":"UIAutomator2","appPackage":"com.instagram.android","appActivity":"com.instagram.mainactivity.MainActivity","noReset":true,"autoGrantPermissions":true,"forceAppLaunch":true},"platformName":"Android","deviceName":"54cc2b5d","platformVersion":"12 SKQ1.211019.001","automationName":"UIAutomator2","appPackage":"com.instagram.android","appActivity":"com.instagram.mainactivity.MainActivity","noReset":true,"autoGrantPermissions":true,"forceAppLaunch":true,"deviceUDID":"54cc2b5d"}],"alwaysMatch":{}},"sessionId":"1b5f7e62-d4cb-411b-9f5a-48bc91740038"}}
[38;5;48m[AndroidUiautomator2Driver@b882 (779ba56b)][0m Determined the downstream protocol as 'W3C'
[debug] [38;5;48m[AndroidUiautomator2Driver@b882 (779ba56b)][0m Proxying [GET /appium/device/info] to [GET http://127.0.0.1:8201/session/1b5f7e62-d4cb-411b-9f5a-48bc91740038/appium/device/info] with no body
[debug] [38;5;48m[AndroidUiautomator2Driver@b882 (779ba56b)][0m Got response with status 200: {"sessionId":"1b5f7e62-d4cb-411b-9f5a-48bc91740038","value":{"androidId":"69b03f95d2592730","apiVersion":"31","bluetooth":{"state":"OFF"},"brand":"Redmi","carrierName":"Telkomsel","displayDensity":440,"locale":"en_US","manufacturer":"Xiaomi","model":"Redmi Note 9 Pro","networks":[{"capabilities":{"SSID":null,"linkDownBandwidthKbps":19377,"linkUpstreamBandwidthKbps":15566,"networkCapabilities":"NET_CAPABILITY_NOT_METERED,NET_CAPABILITY_INTERNET,NET_CAPABILITY_NOT_RESTRICTED,NET_CAPABILITY_TRUSTED,NET_CAPABILITY_NOT_VPN,NET_CAPABILITY_VALIDATED,NET_CAPABILITY_NOT_ROAMING,NET_CAPABILITY_FOREGROUND,NET_CAPABILITY_NOT_CONGESTED,NET_CAPABILITY_NOT_SUSPENDED","signalStrength":-54,"transportTypes":"TRANSPORT_WIFI"},"detailedState":"CONNECTED","extraInfo":"","isAvailable":true,"isConnected":true,"isFailover":false,"isRoaming":false,"state":"CONNECTED","subtype":-1,"subtypeName":"","type":1,"typeName":"WIFI"},{"capabilities":{"SSID":null,"linkDownBandwidthKbps":30000,"linkUpstreamBandwidthKbps":15000,"networkCapabil...
[debug] [38;5;64m[ADB][0m Running 'C:\Users\Muhammad Zikri\AppData\Local\Android\Sdk\platform-tools\adb.exe -P 5037 -s 54cc2b5d shell dumpsys window'
[38;5;80m[AndroidDriver][0m Screen already unlocked, doing nothing
[38;5;48m[AndroidUiautomator2Driver@b882 (779ba56b)][0m Starting 'com.instagram.android/com.instagram.mainactivity.MainActivity and waiting for 'com.instagram.android/com.instagram.mainactivity.MainActivity'
[debug] [38;5;64m[ADB][0m Running 'C:\Users\Muhammad Zikri\AppData\Local\Android\Sdk\platform-tools\adb.exe -P 5037 -s 54cc2b5d shell am start -W -n com.instagram.android/com.instagram.mainactivity.MainActivity -S -a android.intent.action.MAIN -c android.intent.category.LAUNCHER -f 0x10200000'
[debug] [38;5;48m[AndroidUiautomator2Driver@b882 (779ba56b)][0m Proxying [GET /appium/device/pixel_ratio] to [GET http://127.0.0.1:8201/session/1b5f7e62-d4cb-411b-9f5a-48bc91740038/appium/device/pixel_ratio] with no body
[debug] [38;5;48m[AndroidUiautomator2Driver@b882 (779ba56b)][0m Got response with status 200: {"sessionId":"1b5f7e62-d4cb-411b-9f5a-48bc91740038","value":2.75}
[debug] [38;5;48m[AndroidUiautomator2Driver@b882 (779ba56b)][0m Matched '/appium/device/system_bars' to command name 'getSystemBars'
[debug] [38;5;48m[AndroidUiautomator2Driver@b882 (779ba56b)][0m Proxying [GET /appium/device/system_bars] to [GET http://127.0.0.1:8201/session/1b5f7e62-d4cb-411b-9f5a-48bc91740038/appium/device/system_bars] with no body
[debug] [38;5;48m[AndroidUiautomator2Driver@b882 (779ba56b)][0m Got response with status 200: {"sessionId":"1b5f7e62-d4cb-411b-9f5a-48bc91740038","value":{"statusBar":102}}
[debug] [38;5;48m[AndroidUiautomator2Driver@b882 (779ba56b)][0m Matched '/window/current/size' to command name 'getWindowSize'
[debug] [38;5;48m[AndroidUiautomator2Driver@b882 (779ba56b)][0m Proxying [GET /window/current/size] to [GET http://127.0.0.1:8201/session/1b5f7e62-d4cb-411b-9f5a-48bc91740038/window/current/size] with no body
[debug] [38;5;48m[AndroidUiautomator2Driver@b882 (779ba56b)][0m Got response with status 200: {"sessionId":"1b5f7e62-d4cb-411b-9f5a-48bc91740038","value":{"height":2168,"width":1080}}
[38;5;16m[AppiumDriver@4de4][0m New AndroidUiautomator2Driver session created successfully, session 779ba56b-93b6-4775-aa91-54bd2fc49b31 added to master session list
[debug] [38;5;16m[AppiumDriver@4de4][0m Event 'newSessionStarted' logged at 1695568605112 (22:16:45 GMT+0700 (Western Indonesia Time))
[debug] [38;5;48m[AndroidUiautomator2Driver@b882 (779ba56b)][0m Cached the protocol value 'W3C' for the new session 779ba56b-93b6-4775-aa91-54bd2fc49b31
[debug] [38;5;48m[AndroidUiautomator2Driver@b882 (779ba56b)][0m Responding to client with driver.createSession() result: {"capabilities":{"platform":"LINUX","webStorageEnabled":false,"takesScreenshot":true,"javascriptEnabled":true,"databaseEnabled":false,"networkConnectionEnabled":true,"locationContextEnabled":false,"warnings":{},"desired":{"platformName":"Android","deviceName":"Redmi Note 9 Pro","platformVersion":"12 SKQ1.211019.001","automationName":"UIAutomator2","appPackage":"com.instagram.android","appActivity":"com.instagram.mainactivity.MainActivity","noReset":true,"autoGrantPermissions":true,"forceAppLaunch":true},"platformName":"Android","deviceName":"54cc2b5d","platformVersion":"12","automationName":"UIAutomator2","appPackage":"com.instagram.android","appActivity":"com.instagram.mainactivity.MainActivity","noReset":true,"autoGrantPermissions":true,"forceAppLaunch":true,"deviceUDID":"54cc2b5d","deviceApiLevel":31,"deviceScreenSize":"1080x2400","deviceScreenDensity":440,"deviceModel":"Redmi Note 9 Pro","deviceManufacturer":"Xiaomi","pixelRatio":2.75,"statBarHeight":102,"viewportRect":{"left":0,"top":102,"width":1080,...
[38;5;0m[HTTP][0m [37m<-- POST /session [39m[32m200[39m [90m21230 ms - 1098[39m
[38;5;0m[HTTP][0m [90m[39m
[38;5;0m[HTTP][0m [37m-->[39m [37mPOST[39m [37m/session/779ba56b-93b6-4775-aa91-54bd2fc49b31/element[39m
[38;5;0m[HTTP][0m [90m{"using":"xpath","value":"//android.widget.FrameLayout[@content-desc=\"Search and explore\"]/android.widget.ImageView"}[39m
[debug] [38;5;48m[AndroidUiautomator2Driver@b882 (779ba56b)][0m Calling AppiumDriver.findElement() with args: ["xpath","//android.widget.FrameLayout[@content-desc=\"Search and explore\"]/android.widget.ImageView","779ba56b-93b6-4775-aa91-54bd2fc49b31"]
[debug] [38;5;48m[AndroidUiautomator2Driver@b882 (779ba56b)][0m Valid locator strategies for this request: xpath, id, class name, accessibility id, css selector, -android uiautomator
[debug] [38;5;48m[AndroidUiautomator2Driver@b882 (779ba56b)][0m Waiting up to 0 ms for condition
[debug] [38;5;48m[AndroidUiautomator2Driver@b882 (779ba56b)][0m Matched '/element' to command name 'findElement'
[debug] [38;5;48m[AndroidUiautomator2Driver@b882 (779ba56b)][0m Proxying [POST /element] to [POST http://127.0.0.1:8201/session/1b5f7e62-d4cb-411b-9f5a-48bc91740038/element] with body: {"strategy":"xpath","selector":"//android.widget.FrameLayout[@content-desc=\"Search and explore\"]/android.widget.ImageView","context":"","multiple":false}
[debug] [38;5;48m[AndroidUiautomator2Driver@b882 (779ba56b)][0m Got response with status 200: {"sessionId":"1b5f7e62-d4cb-411b-9f5a-48bc91740038","value":{"ELEMENT":"00000000-0000-0749-ffff-ffff00000025","element-6066-11e4-a52e-4f735466cecf":"00000000-0000-0749-ffff-ffff00000025"}}
[debug] [38;5;48m[AndroidUiautomator2Driver@b882 (779ba56b)][0m Responding to client with driver.findElement() result: {"element-6066-11e4-a52e-4f735466cecf":"00000000-0000-0749-ffff-ffff00000025","ELEMENT":"00000000-0000-0749-ffff-ffff00000025"}
[38;5;0m[HTTP][0m [37m<-- POST /session/779ba56b-93b6-4775-aa91-54bd2fc49b31/element [39m[32m200[39m [90m487 ms - 137[39m
[38;5;0m[HTTP][0m [90m[39m
[38;5;0m[HTTP][0m [37m-->[39m [37mPOST[39m [37m/session/779ba56b-93b6-4775-aa91-54bd2fc49b31/element/00000000-0000-0749-ffff-ffff00000025/click[39m
[38;5;0m[HTTP][0m [90m{}[39m
[debug] [38;5;48m[AndroidUiautomator2Driver@b882 (779ba56b)][0m Calling AppiumDriver.click() with args: ["00000000-0000-0749-ffff-ffff00000025","779ba56b-93b6-4775-aa91-54bd2fc49b31"]
[debug] [38;5;48m[AndroidUiautomator2Driver@b882 (779ba56b)][0m Matched '/element/00000000-0000-0749-ffff-ffff00000025/click' to command name 'click'
[debug] [38;5;48m[AndroidUiautomator2Driver@b882 (779ba56b)][0m Proxying [POST /element/00000000-0000-0749-ffff-ffff00000025/click] to [POST http://127.0.0.1:8201/session/1b5f7e62-d4cb-411b-9f5a-48bc91740038/element/00000000-0000-0749-ffff-ffff00000025/click] with body: {"element":"00000000-0000-0749-ffff-ffff00000025"}
[debug] [38;5;48m[AndroidUiautomator2Driver@b882 (779ba56b)][0m Got response with status 200: {"sessionId":"1b5f7e62-d4cb-411b-9f5a-48bc91740038","value":null}
[debug] [38;5;48m[AndroidUiautomator2Driver@b882 (779ba56b)][0m Responding to client with driver.click() result: null
[38;5;0m[HTTP][0m [37m<-- POST /session/779ba56b-93b6-4775-aa91-54bd2fc49b31/element/00000000-0000-0749-ffff-ffff00000025/click [39m[32m200[39m [90m100 ms - 14[39m
[38;5;0m[HTTP][0m [90m[39m
[38;5;0m[HTTP][0m [37m-->[39m [37mPOST[39m [37m/session/779ba56b-93b6-4775-aa91-54bd2fc49b31/element[39m
[38;5;0m[HTTP][0m [90m{"using":"xpath","value":"/hierarchy/android.widget.FrameLayout/android.widget.LinearLayout/android.widget.FrameLayout/android.widget.LinearLayout/android.widget.FrameLayout/android.widget.FrameLayout/android.view.ViewGroup/android.widget.FrameLayout[2]/android.widget.FrameLayout[2]/android.widget.FrameLayout/android.widget.LinearLayout/android.widget.FrameLayout/android.widget.FrameLayout/android.widget.EditText"}[39m
[debug] [38;5;48m[AndroidUiautomator2Driver@b882 (779ba56b)][0m Calling AppiumDriver.findElement() with args: ["xpath","/hierarchy/android.widget.FrameLayout/android.widget.LinearLayout/android.widget.FrameLayout/android.widget.LinearLayout/android.widget.FrameLayout/android.widget.FrameLayout/android.view.ViewGroup/android.widget.FrameLayout[2]/android.widget.FrameLayout[2]/android.widget.FrameLayout/android.widget.LinearLayout/android.widget.FrameLayout/android.widget.FrameLayout/android.widget.EditText","779ba56b-93b6-4775-aa91-54bd2fc49b31"]
[debug] [38;5;48m[AndroidUiautomator2Driver@b882 (779ba56b)][0m Valid locator strategies for this request: xpath, id, class name, accessibility id, css selector, -android uiautomator
[debug] [38;5;48m[AndroidUiautomator2Driver@b882 (779ba56b)][0m Waiting up to 0 ms for condition
[debug] [38;5;48m[AndroidUiautomator2Driver@b882 (779ba56b)][0m Matched '/element' to command name 'findElement'
[debug] [38;5;48m[AndroidUiautomator2Driver@b882 (779ba56b)][0m Proxying [POST /element] to [POST http://127.0.0.1:8201/session/1b5f7e62-d4cb-411b-9f5a-48bc91740038/element] with body: {"strategy":"xpath","selector":"/hierarchy/android.widget.FrameLayout/android.widget.LinearLayout/android.widget.FrameLayout/android.widget.LinearLayout/android.widget.FrameLayout/android.widget.FrameLayout/android.view.ViewGroup/android.widget.FrameLayout[2]/android.widget.FrameLayout[2]/android.widget.FrameLayout/android.widget.LinearLayout/android.widget.FrameLayout/android.widget.FrameLayout/android.widget.EditText","context":"","multiple":false}
[debug] [38;5;48m[AndroidUiautomator2Driver@b882 (779ba56b)][0m Got response with status 200: {"sessionId":"1b5f7e62-d4cb-411b-9f5a-48bc91740038","value":{"ELEMENT":"00000000-0000-0749-ffff-ffff000001cd","element-6066-11e4-a52e-4f735466cecf":"00000000-0000-0749-ffff-ffff000001cd"}}
[debug] [38;5;48m[AndroidUiautomator2Driver@b882 (779ba56b)][0m Responding to client with driver.findElement() result: {"element-6066-11e4-a52e-4f735466cecf":"00000000-0000-0749-ffff-ffff000001cd","ELEMENT":"00000000-0000-0749-ffff-ffff000001cd"}
[38;5;0m[HTTP][0m [37m<-- POST /session/779ba56b-93b6-4775-aa91-54bd2fc49b31/element [39m[32m200[39m [90m377 ms - 137[39m
[38;5;0m[HTTP][0m [90m[39m
[38;5;0m[HTTP][0m [37m-->[39m [37mPOST[39m [37m/session/779ba56b-93b6-4775-aa91-54bd2fc49b31/element/00000000-0000-0749-ffff-ffff000001cd/click[39m
[38;5;0m[HTTP][0m [90m{}[39m
[debug] [38;5;48m[AndroidUiautomator2Driver@b882 (779ba56b)][0m Calling AppiumDriver.click() with args: ["00000000-0000-0749-ffff-ffff000001cd","779ba56b-93b6-4775-aa91-54bd2fc49b31"]
[debug] [38;5;48m[AndroidUiautomator2Driver@b882 (779ba56b)][0m Matched '/element/00000000-0000-0749-ffff-ffff000001cd/click' to command name 'click'
[debug] [38;5;48m[AndroidUiautomator2Driver@b882 (779ba56b)][0m Proxying [POST /element/00000000-0000-0749-ffff-ffff000001cd/click] to [POST http://127.0.0.1:8201/session/1b5f7e62-d4cb-411b-9f5a-48bc91740038/element/00000000-0000-0749-ffff-ffff000001cd/click] with body: {"element":"00000000-0000-0749-ffff-ffff000001cd"}
[debug] [38;5;48m[AndroidUiautomator2Driver@b882 (779ba56b)][0m Got response with status 200: {"sessionId":"1b5f7e62-d4cb-411b-9f5a-48bc91740038","value":null}
[debug] [38;5;48m[AndroidUiautomator2Driver@b882 (779ba56b)][0m Responding to client with driver.click() result: null
[38;5;0m[HTTP][0m [37m<-- POST /session/779ba56b-93b6-4775-aa91-54bd2fc49b31/element/00000000-0000-0749-ffff-ffff000001cd/click [39m[32m200[39m [90m1567 ms - 14[39m
[38;5;0m[HTTP][0m [90m[39m
[38;5;0m[HTTP][0m [37m-->[39m [37mPOST[39m [37m/session/779ba56b-93b6-4775-aa91-54bd2fc49b31/element[39m
[38;5;0m[HTTP][0m [90m{"using":"xpath","value":"/hierarchy/android.widget.FrameLayout/android.widget.LinearLayout/android.widget.FrameLayout/android.widget.LinearLayout/android.widget.FrameLayout/android.widget.FrameLayout/android.view.ViewGroup/android.widget.FrameLayout[2]/android.widget.FrameLayout[2]/android.widget.FrameLayout/android.widget.LinearLayout/android.widget.FrameLayout/android.widget.FrameLayout/android.widget.EditText"}[39m
[debug] [38;5;48m[AndroidUiautomator2Driver@b882 (779ba56b)][0m Calling AppiumDriver.findElement() with args: ["xpath","/hierarchy/android.widget.FrameLayout/android.widget.LinearLayout/android.widget.FrameLayout/android.widget.LinearLayout/android.widget.FrameLayout/android.widget.FrameLayout/android.view.ViewGroup/android.widget.FrameLayout[2]/android.widget.FrameLayout[2]/android.widget.FrameLayout/android.widget.LinearLayout/android.widget.FrameLayout/android.widget.FrameLayout/android.widget.EditText","779ba56b-93b6-4775-aa91-54bd2fc49b31"]
[debug] [38;5;48m[AndroidUiautomator2Driver@b882 (779ba56b)][0m Valid locator strategies for this request: xpath, id, class name, accessibility id, css selector, -android uiautomator
[debug] [38;5;48m[AndroidUiautomator2Driver@b882 (779ba56b)][0m Waiting up to 0 ms for condition
[debug] [38;5;48m[AndroidUiautomator2Driver@b882 (779ba56b)][0m Matched '/element' to command name 'findElement'
[debug] [38;5;48m[AndroidUiautomator2Driver@b882 (779ba56b)][0m Proxying [POST /element] to [POST http://127.0.0.1:8201/session/1b5f7e62-d4cb-411b-9f5a-48bc91740038/element] with body: {"strategy":"xpath","selector":"/hierarchy/android.widget.FrameLayout/android.widget.LinearLayout/android.widget.FrameLayout/android.widget.LinearLayout/android.widget.FrameLayout/android.widget.FrameLayout/android.view.ViewGroup/android.widget.FrameLayout[2]/android.widget.FrameLayout[2]/android.widget.FrameLayout/android.widget.LinearLayout/android.widget.FrameLayout/android.widget.FrameLayout/android.widget.EditText","context":"","multiple":false}
[debug] [38;5;48m[AndroidUiautomator2Driver@b882 (779ba56b)][0m Got response with status 200: {"sessionId":"1b5f7e62-d4cb-411b-9f5a-48bc91740038","value":{"ELEMENT":"00000000-0000-0749-ffff-ffff00000259","element-6066-11e4-a52e-4f735466cecf":"00000000-0000-0749-ffff-ffff00000259"}}
[debug] [38;5;48m[AndroidUiautomator2Driver@b882 (779ba56b)][0m Responding to client with driver.findElement() result: {"element-6066-11e4-a52e-4f735466cecf":"00000000-0000-0749-ffff-ffff00000259","ELEMENT":"00000000-0000-0749-ffff-ffff00000259"}
[38;5;0m[HTTP][0m [37m<-- POST /session/779ba56b-93b6-4775-aa91-54bd2fc49b31/element [39m[32m200[39m [90m145 ms - 137[39m
[38;5;0m[HTTP][0m [90m[39m
[38;5;0m[HTTP][0m [37m-->[39m [37mPOST[39m [37m/session/779ba56b-93b6-4775-aa91-54bd2fc49b31/element/00000000-0000-0749-ffff-ffff00000259/clear[39m
[38;5;0m[HTTP][0m [90m{}[39m
[debug] [38;5;48m[AndroidUiautomator2Driver@b882 (779ba56b)][0m Calling AppiumDriver.clear() with args: ["00000000-0000-0749-ffff-ffff00000259","779ba56b-93b6-4775-aa91-54bd2fc49b31"]
[debug] [38;5;48m[AndroidUiautomator2Driver@b882 (779ba56b)][0m Matched '/element/00000000-0000-0749-ffff-ffff00000259/clear' to command name 'clear'
[debug] [38;5;48m[AndroidUiautomator2Driver@b882 (779ba56b)][0m Proxying [POST /element/00000000-0000-0749-ffff-ffff00000259/clear] to [POST http://127.0.0.1:8201/session/1b5f7e62-d4cb-411b-9f5a-48bc91740038/element/00000000-0000-0749-ffff-ffff00000259/clear] with body: {"elementId":"00000000-0000-0749-ffff-ffff00000259"}
[debug] [38;5;48m[AndroidUiautomator2Driver@b882 (779ba56b)][0m Got response with status 200: {"sessionId":"1b5f7e62-d4cb-411b-9f5a-48bc91740038","value":null}
[debug] [38;5;48m[AndroidUiautomator2Driver@b882 (779ba56b)][0m Responding to client with driver.clear() result: null
[38;5;0m[HTTP][0m [37m<-- POST /session/779ba56b-93b6-4775-aa91-54bd2fc49b31/element/00000000-0000-0749-ffff-ffff00000259/clear [39m[32m200[39m [90m76 ms - 14[39m
[38;5;0m[HTTP][0m [90m[39m
[38;5;0m[HTTP][0m [37m-->[39m [37mPOST[39m [37m/session/779ba56b-93b6-4775-aa91-54bd2fc49b31/element/00000000-0000-0749-ffff-ffff00000259/value[39m
[38;5;0m[HTTP][0m [90m{"text":"sanbercode"}[39m
[debug] [38;5;48m[AndroidUiautomator2Driver@b882 (779ba56b)][0m Calling AppiumDriver.setValue() with args: ["sanbercode","00000000-0000-0749-ffff-ffff00000259","779ba56b-93b6-4775-aa91-54bd2fc49b31"]
[debug] [38;5;48m[AndroidUiautomator2Driver@b882 (779ba56b)][0m Matched '/element/00000000-0000-0749-ffff-ffff00000259/value' to command name 'setValue'
[debug] [38;5;48m[AndroidUiautomator2Driver@b882 (779ba56b)][0m Added 'value' property ["s","a","n","b","e","r","c","o","d","e"] to 'setValue' request body
[debug] [38;5;48m[AndroidUiautomator2Driver@b882 (779ba56b)][0m Proxying [POST /element/00000000-0000-0749-ffff-ffff00000259/value] to [POST http://127.0.0.1:8201/session/1b5f7e62-d4cb-411b-9f5a-48bc91740038/element/00000000-0000-0749-ffff-ffff00000259/value] with body: {"elementId":"00000000-0000-0749-ffff-ffff00000259","text":"sanbercode","replace":false,"value":["s","a","n","b","e","r","c","o","d","e"]}
[debug] [38;5;48m[AndroidUiautomator2Driver@b882 (779ba56b)][0m Got response with status 200: {"sessionId":"1b5f7e62-d4cb-411b-9f5a-48bc91740038","value":null}
[debug] [38;5;48m[AndroidUiautomator2Driver@b882 (779ba56b)][0m Responding to client with driver.setValue() result: null
[38;5;0m[HTTP][0m [37m<-- POST /session/779ba56b-93b6-4775-aa91-54bd2fc49b31/element/00000000-0000-0749-ffff-ffff00000259/value [39m[32m200[39m [90m632 ms - 14[39m
[38;5;0m[HTTP][0m [90m[39m
[38;5;0m[HTTP][0m [37m-->[39m [37mPOST[39m [37m/session/779ba56b-93b6-4775-aa91-54bd2fc49b31/element[39m
[38;5;0m[HTTP][0m [90m{"using":"xpath","value":"/hierarchy/android.widget.FrameLayout/android.widget.LinearLayout/android.widget.FrameLayout/android.widget.LinearLayout/android.widget.FrameLayout/android.widget.FrameLayout/android.view.ViewGroup/android.widget.FrameLayout[2]/android.widget.FrameLayout[1]/android.widget.FrameLayout/androidx.recyclerview.widget.RecyclerView/android.widget.FrameLayout[2]/android.widget.LinearLayout/android.widget.LinearLayout/android.widget.LinearLayout[1]/android.widget.TextView"}[39m
[debug] [38;5;48m[AndroidUiautomator2Driver@b882 (779ba56b)][0m Calling AppiumDriver.findElement() with args: ["xpath","/hierarchy/android.widget.FrameLayout/android.widget.LinearLayout/android.widget.FrameLayout/android.widget.LinearLayout/android.widget.FrameLayout/android.widget.FrameLayout/android.view.ViewGroup/android.widget.FrameLayout[2]/android.widget.FrameLayout[1]/android.widget.FrameLayout/androidx.recyclerview.widget.RecyclerView/android.widget.FrameLayout[2]/android.widget.LinearLayout/android.widget.LinearLayout/android.widget.LinearLayout[1]/android.widget.TextView","779ba56b-93b6-4775-aa91-54bd2fc49b31"]
[debug] [38;5;48m[AndroidUiautomator2Driver@b882 (779ba56b)][0m Valid locator strategies for this request: xpath, id, class name, accessibility id, css selector, -android uiautomator
[debug] [38;5;48m[AndroidUiautomator2Driver@b882 (779ba56b)][0m Waiting up to 0 ms for condition
[debug] [38;5;48m[AndroidUiautomator2Driver@b882 (779ba56b)][0m Matched '/element' to command name 'findElement'
[debug] [38;5;48m[AndroidUiautomator2Driver@b882 (779ba56b)][0m Proxying [POST /element] to [POST http://127.0.0.1:8201/session/1b5f7e62-d4cb-411b-9f5a-48bc91740038/element] with body: {"strategy":"xpath","selector":"/hierarchy/android.widget.FrameLayout/android.widget.LinearLayout/android.widget.FrameLayout/android.widget.LinearLayout/android.widget.FrameLayout/android.widget.FrameLayout/android.view.ViewGroup/android.widget.FrameLayout[2]/android.widget.FrameLayout[1]/android.widget.FrameLayout/androidx.recyclerview.widget.RecyclerView/android.widget.FrameLayout[2]/android.widget.LinearLayout/android.widget.LinearLayout/android.widget.LinearLayout[1]/android.widget.TextView","context":"","multiple":false}
[debug] [38;5;48m[AndroidUiautomator2Driver@b882 (779ba56b)][0m Got response with status 200: {"sessionId":"1b5f7e62-d4cb-411b-9f5a-48bc91740038","value":{"ELEMENT":"00000000-0000-0749-ffff-ffff000002a6","element-6066-11e4-a52e-4f735466cecf":"00000000-0000-0749-ffff-ffff000002a6"}}
[debug] [38;5;48m[AndroidUiautomator2Driver@b882 (779ba56b)][0m Responding to client with driver.findElement() result: {"element-6066-11e4-a52e-4f735466cecf":"00000000-0000-0749-ffff-ffff000002a6","ELEMENT":"00000000-0000-0749-ffff-ffff000002a6"}
[38;5;0m[HTTP][0m [37m<-- POST /session/779ba56b-93b6-4775-aa91-54bd2fc49b31/element [39m[32m200[39m [90m292 ms - 137[39m
[38;5;0m[HTTP][0m [90m[39m
[38;5;0m[HTTP][0m [37m-->[39m [37mPOST[39m [37m/session/779ba56b-93b6-4775-aa91-54bd2fc49b31/element/00000000-0000-0749-ffff-ffff000002a6/click[39m
[38;5;0m[HTTP][0m [90m{}[39m
[debug] [38;5;48m[AndroidUiautomator2Driver@b882 (779ba56b)][0m Calling AppiumDriver.click() with args: ["00000000-0000-0749-ffff-ffff000002a6","779ba56b-93b6-4775-aa91-54bd2fc49b31"]
[debug] [38;5;48m[AndroidUiautomator2Driver@b882 (779ba56b)][0m Matched '/element/00000000-0000-0749-ffff-ffff000002a6/click' to command name 'click'
[debug] [38;5;48m[AndroidUiautomator2Driver@b882 (779ba56b)][0m Proxying [POST /element/00000000-0000-0749-ffff-ffff000002a6/click] to [POST http://127.0.0.1:8201/session/1b5f7e62-d4cb-411b-9f5a-48bc91740038/element/00000000-0000-0749-ffff-ffff000002a6/click] with body: {"element":"00000000-0000-0749-ffff-ffff000002a6"}
[debug] [38;5;48m[AndroidUiautomator2Driver@b882 (779ba56b)][0m Got response with status 200: {"sessionId":"1b5f7e62-d4cb-411b-9f5a-48bc91740038","value":null}
[debug] [38;5;48m[AndroidUiautomator2Driver@b882 (779ba56b)][0m Responding to client with driver.click() result: null
[38;5;0m[HTTP][0m [37m<-- POST /session/779ba56b-93b6-4775-aa91-54bd2fc49b31/element/00000000-0000-0749-ffff-ffff000002a6/click [39m[32m200[39m [90m90 ms - 14[39m
[38;5;0m[HTTP][0m [90m[39m
[38;5;0m[HTTP][0m [37m-->[39m [37mPOST[39m [37m/session/779ba56b-93b6-4775-aa91-54bd2fc49b31/element[39m
[38;5;0m[HTTP][0m [90m{"using":"xpath","value":"//android.widget.Button[@content-desc=\"Message\"]"}[39m
[debug] [38;5;48m[AndroidUiautomator2Driver@b882 (779ba56b)][0m Calling AppiumDriver.findElement() with args: ["xpath","//android.widget.Button[@content-desc=\"Message\"]","779ba56b-93b6-4775-aa91-54bd2fc49b31"]
[debug] [38;5;48m[AndroidUiautomator2Driver@b882 (779ba56b)][0m Valid locator strategies for this request: xpath, id, class name, accessibility id, css selector, -android uiautomator
[debug] [38;5;48m[AndroidUiautomator2Driver@b882 (779ba56b)][0m Waiting up to 0 ms for condition
[debug] [38;5;48m[AndroidUiautomator2Driver@b882 (779ba56b)][0m Matched '/element' to command name 'findElement'
[debug] [38;5;48m[AndroidUiautomator2Driver@b882 (779ba56b)][0m Proxying [POST /element] to [POST http://127.0.0.1:8201/session/1b5f7e62-d4cb-411b-9f5a-48bc91740038/element] with body: {"strategy":"xpath","selector":"//android.widget.Button[@content-desc=\"Message\"]","context":"","multiple":false}
[debug] [38;5;48m[AndroidUiautomator2Driver@b882 (779ba56b)][0m Got response with status 200: {"sessionId":"1b5f7e62-d4cb-411b-9f5a-48bc91740038","value":{"ELEMENT":"00000000-0000-0749-ffff-ffff00000626","element-6066-11e4-a52e-4f735466cecf":"00000000-0000-0749-ffff-ffff00000626"}}
[debug] [38;5;48m[AndroidUiautomator2Driver@b882 (779ba56b)][0m Responding to client with driver.findElement() result: {"element-6066-11e4-a52e-4f735466cecf":"00000000-0000-0749-ffff-ffff00000626","ELEMENT":"00000000-0000-0749-ffff-ffff00000626"}
[38;5;0m[HTTP][0m [37m<-- POST /session/779ba56b-93b6-4775-aa91-54bd2fc49b31/element [39m[32m200[39m [90m570 ms - 137[39m
[38;5;0m[HTTP][0m [90m[39m
[38;5;0m[HTTP][0m [37m-->[39m [37mPOST[39m [37m/session/779ba56b-93b6-4775-aa91-54bd2fc49b31/element/00000000-0000-0749-ffff-ffff00000626/click[39m
[38;5;0m[HTTP][0m [90m{}[39m
[debug] [38;5;48m[AndroidUiautomator2Driver@b882 (779ba56b)][0m Calling AppiumDriver.click() with args: ["00000000-0000-0749-ffff-ffff00000626","779ba56b-93b6-4775-aa91-54bd2fc49b31"]
[debug] [38;5;48m[AndroidUiautomator2Driver@b882 (779ba56b)][0m Matched '/element/00000000-0000-0749-ffff-ffff00000626/click' to command name 'click'
[debug] [38;5;48m[AndroidUiautomator2Driver@b882 (779ba56b)][0m Proxying [POST /element/00000000-0000-0749-ffff-ffff00000626/click] to [POST http://127.0.0.1:8201/session/1b5f7e62-d4cb-411b-9f5a-48bc91740038/element/00000000-0000-0749-ffff-ffff00000626/click] with body: {"element":"00000000-0000-0749-ffff-ffff00000626"}
[debug] [38;5;48m[AndroidUiautomator2Driver@b882 (779ba56b)][0m Got response with status 200: {"sessionId":"1b5f7e62-d4cb-411b-9f5a-48bc91740038","value":null}
[debug] [38;5;48m[AndroidUiautomator2Driver@b882 (779ba56b)][0m Responding to client with driver.click() result: null
[38;5;0m[HTTP][0m [37m<-- POST /session/779ba56b-93b6-4775-aa91-54bd2fc49b31/element/00000000-0000-0749-ffff-ffff00000626/click [39m[32m200[39m [90m345 ms - 14[39m
[38;5;0m[HTTP][0m [90m[39m
[38;5;0m[HTTP][0m [37m-->[39m [37mPOST[39m [37m/session/779ba56b-93b6-4775-aa91-54bd2fc49b31/element[39m
[38;5;0m[HTTP][0m [90m{"using":"xpath","value":"/hierarchy/android.widget.FrameLayout/android.widget.LinearLayout/android.widget.FrameLayout/android.widget.LinearLayout/android.widget.FrameLayout/android.view.ViewGroup/android.widget.FrameLayout/android.widget.FrameLayout/android.view.ViewGroup/android.widget.FrameLayout[3]/android.widget.LinearLayout/android.widget.LinearLayout/android.widget.LinearLayout/android.widget.EditText"}[39m
[debug] [38;5;48m[AndroidUiautomator2Driver@b882 (779ba56b)][0m Calling AppiumDriver.findElement() with args: ["xpath","/hierarchy/android.widget.FrameLayout/android.widget.LinearLayout/android.widget.FrameLayout/android.widget.LinearLayout/android.widget.FrameLayout/android.view.ViewGroup/android.widget.FrameLayout/android.widget.FrameLayout/android.view.ViewGroup/android.widget.FrameLayout[3]/android.widget.LinearLayout/android.widget.LinearLayout/android.widget.LinearLayout/android.widget.EditText","779ba56b-93b6-4775-aa91-54bd2fc49b31"]
[debug] [38;5;48m[AndroidUiautomator2Driver@b882 (779ba56b)][0m Valid locator strategies for this request: xpath, id, class name, accessibility id, css selector, -android uiautomator
[debug] [38;5;48m[AndroidUiautomator2Driver@b882 (779ba56b)][0m Waiting up to 0 ms for condition
[debug] [38;5;48m[AndroidUiautomator2Driver@b882 (779ba56b)][0m Matched '/element' to command name 'findElement'
[debug] [38;5;48m[AndroidUiautomator2Driver@b882 (779ba56b)][0m Proxying [POST /element] to [POST http://127.0.0.1:8201/session/1b5f7e62-d4cb-411b-9f5a-48bc91740038/element] with body: {"strategy":"xpath","selector":"/hierarchy/android.widget.FrameLayout/android.widget.LinearLayout/android.widget.FrameLayout/android.widget.LinearLayout/android.widget.FrameLayout/android.view.ViewGroup/android.widget.FrameLayout/android.widget.FrameLayout/android.view.ViewGroup/android.widget.FrameLayout[3]/android.widget.LinearLayout/android.widget.LinearLayout/android.widget.LinearLayout/android.widget.EditText","context":"","multiple":false}
[debug] [38;5;48m[AndroidUiautomator2Driver@b882 (779ba56b)][0m Got response with status 200: {"sessionId":"1b5f7e62-d4cb-411b-9f5a-48bc91740038","value":{"ELEMENT":"00000000-0000-074c-ffff-ffff00000677","element-6066-11e4-a52e-4f735466cecf":"00000000-0000-074c-ffff-ffff00000677"}}
[debug] [38;5;48m[AndroidUiautomator2Driver@b882 (779ba56b)][0m Responding to client with driver.findElement() result: {"element-6066-11e4-a52e-4f735466cecf":"00000000-0000-074c-ffff-ffff00000677","ELEMENT":"00000000-0000-074c-ffff-ffff00000677"}
[38;5;0m[HTTP][0m [37m<-- POST /session/779ba56b-93b6-4775-aa91-54bd2fc49b31/element [39m[32m200[39m [90m206 ms - 137[39m
[38;5;0m[HTTP][0m [90m[39m
[38;5;0m[HTTP][0m [37m-->[39m [37mPOST[39m [37m/session/779ba56b-93b6-4775-aa91-54bd2fc49b31/element/00000000-0000-074c-ffff-ffff00000677/click[39m
[38;5;0m[HTTP][0m [90m{}[39m
[debug] [38;5;48m[AndroidUiautomator2Driver@b882 (779ba56b)][0m Calling AppiumDriver.click() with args: ["00000000-0000-074c-ffff-ffff00000677","779ba56b-93b6-4775-aa91-54bd2fc49b31"]
[debug] [38;5;48m[AndroidUiautomator2Driver@b882 (779ba56b)][0m Matched '/element/00000000-0000-074c-ffff-ffff00000677/click' to command name 'click'
[debug] [38;5;48m[AndroidUiautomator2Driver@b882 (779ba56b)][0m Proxying [POST /element/00000000-0000-074c-ffff-ffff00000677/click] to [POST http://127.0.0.1:8201/session/1b5f7e62-d4cb-411b-9f5a-48bc91740038/element/00000000-0000-074c-ffff-ffff00000677/click] with body: {"element":"00000000-0000-074c-ffff-ffff00000677"}
[debug] [38;5;48m[AndroidUiautomator2Driver@b882 (779ba56b)][0m Got response with status 200: {"sessionId":"1b5f7e62-d4cb-411b-9f5a-48bc91740038","value":null}
[debug] [38;5;48m[AndroidUiautomator2Driver@b882 (779ba56b)][0m Responding to client with driver.click() result: null
[38;5;0m[HTTP][0m [37m<-- POST /session/779ba56b-93b6-4775-aa91-54bd2fc49b31/element/00000000-0000-074c-ffff-ffff00000677/click [39m[32m200[39m [90m1661 ms - 14[39m
[38;5;0m[HTTP][0m [90m[39m
[38;5;0m[HTTP][0m [37m-->[39m [37mPOST[39m [37m/session/779ba56b-93b6-4775-aa91-54bd2fc49b31/element[39m
[38;5;0m[HTTP][0m [90m{"using":"xpath","value":"/hierarchy/android.widget.FrameLayout/android.widget.LinearLayout/android.widget.FrameLayout/android.widget.LinearLayout/android.widget.FrameLayout/android.view.ViewGroup/android.widget.FrameLayout/android.widget.FrameLayout/android.view.ViewGroup/android.widget.FrameLayout[3]/android.widget.LinearLayout/android.widget.LinearLayout/android.widget.LinearLayout/android.widget.EditText"}[39m
[debug] [38;5;48m[AndroidUiautomator2Driver@b882 (779ba56b)][0m Calling AppiumDriver.findElement() with args: ["xpath","/hierarchy/android.widget.FrameLayout/android.widget.LinearLayout/android.widget.FrameLayout/android.widget.LinearLayout/android.widget.FrameLayout/android.view.ViewGroup/android.widget.FrameLayout/android.widget.FrameLayout/android.view.ViewGroup/android.widget.FrameLayout[3]/android.widget.LinearLayout/android.widget.LinearLayout/android.widget.LinearLayout/android.widget.EditText","779ba56b-93b6-4775-aa91-54bd2fc49b31"]
[debug] [38;5;48m[AndroidUiautomator2Driver@b882 (779ba56b)][0m Valid locator strategies for this request: xpath, id, class name, accessibility id, css selector, -android uiautomator
[debug] [38;5;48m[AndroidUiautomator2Driver@b882 (779ba56b)][0m Waiting up to 0 ms for condition
[debug] [38;5;48m[AndroidUiautomator2Driver@b882 (779ba56b)][0m Matched '/element' to command name 'findElement'
[debug] [38;5;48m[AndroidUiautomator2Driver@b882 (779ba56b)][0m Proxying [POST /element] to [POST http://127.0.0.1:8201/session/1b5f7e62-d4cb-411b-9f5a-48bc91740038/element] with body: {"strategy":"xpath","selector":"/hierarchy/android.widget.FrameLayout/android.widget.LinearLayout/android.widget.FrameLayout/android.widget.LinearLayout/android.widget.FrameLayout/android.view.ViewGroup/android.widget.FrameLayout/android.widget.FrameLayout/android.view.ViewGroup/android.widget.FrameLayout[3]/android.widget.LinearLayout/android.widget.LinearLayout/android.widget.LinearLayout/android.widget.EditText","context":"","multiple":false}
[debug] [38;5;48m[AndroidUiautomator2Driver@b882 (779ba56b)][0m Got response with status 200: {"sessionId":"1b5f7e62-d4cb-411b-9f5a-48bc91740038","value":{"ELEMENT":"00000000-0000-074c-ffff-ffff00000677","element-6066-11e4-a52e-4f735466cecf":"00000000-0000-074c-ffff-ffff00000677"}}
[debug] [38;5;48m[AndroidUiautomator2Driver@b882 (779ba56b)][0m Responding to client with driver.findElement() result: {"element-6066-11e4-a52e-4f735466cecf":"00000000-0000-074c-ffff-ffff00000677","ELEMENT":"00000000-0000-074c-ffff-ffff00000677"}
[38;5;0m[HTTP][0m [37m<-- POST /session/779ba56b-93b6-4775-aa91-54bd2fc49b31/element [39m[32m200[39m [90m228 ms - 137[39m
[38;5;0m[HTTP][0m [90m[39m
[38;5;0m[HTTP][0m [37m-->[39m [37mPOST[39m [37m/session/779ba56b-93b6-4775-aa91-54bd2fc49b31/element/00000000-0000-074c-ffff-ffff00000677/clear[39m
[38;5;0m[HTTP][0m [90m{}[39m
[debug] [38;5;48m[AndroidUiautomator2Driver@b882 (779ba56b)][0m Calling AppiumDriver.clear() with args: ["00000000-0000-074c-ffff-ffff00000677","779ba56b-93b6-4775-aa91-54bd2fc49b31"]
[debug] [38;5;48m[AndroidUiautomator2Driver@b882 (779ba56b)][0m Matched '/element/00000000-0000-074c-ffff-ffff00000677/clear' to command name 'clear'
[debug] [38;5;48m[AndroidUiautomator2Driver@b882 (779ba56b)][0m Proxying [POST /element/00000000-0000-074c-ffff-ffff00000677/clear] to [POST http://127.0.0.1:8201/session/1b5f7e62-d4cb-411b-9f5a-48bc91740038/element/00000000-0000-074c-ffff-ffff00000677/clear] with body: {"elementId":"00000000-0000-074c-ffff-ffff00000677"}
[debug] [38;5;48m[AndroidUiautomator2Driver@b882 (779ba56b)][0m Got response with status 200: {"sessionId":"1b5f7e62-d4cb-411b-9f5a-48bc91740038","value":null}
[debug] [38;5;48m[AndroidUiautomator2Driver@b882 (779ba56b)][0m Responding to client with driver.clear() result: null
[38;5;0m[HTTP][0m [37m<-- POST /session/779ba56b-93b6-4775-aa91-54bd2fc49b31/element/00000000-0000-074c-ffff-ffff00000677/clear [39m[32m200[39m [90m62 ms - 14[39m
[38;5;0m[HTTP][0m [90m[39m
[38;5;0m[HTTP][0m [37m-->[39m [37mPOST[39m [37m/session/779ba56b-93b6-4775-aa91-54bd2fc49b31/element/00000000-0000-074c-ffff-ffff00000677/value[39m
[38;5;0m[HTTP][0m [90m{"text":"Hallo Admin, Apakah Kelas Cyber Security Sudah Dibuka? Terima Kasih"}[39m
[debug] [38;5;48m[AndroidUiautomator2Driver@b882 (779ba56b)][0m Calling AppiumDriver.setValue() with args: ["Hallo Admin, Apakah Kelas Cyber Security Sudah Dibuka? Terima Kasih","00000000-0000-074c-ffff-ffff00000677","779ba56b-93b6-4775-aa91-54bd2fc49b31"]
[debug] [38;5;48m[AndroidUiautomator2Driver@b882 (779ba56b)][0m Matched '/element/00000000-0000-074c-ffff-ffff00000677/value' to command name 'setValue'
[debug] [38;5;48m[AndroidUiautomator2Driver@b882 (779ba56b)][0m Added 'value' property ["H","a","l","l","o"," ","A","d","m","i","n",","," ","A","p","a","k","a","h"," ","K","e","l","a","s"," ","C","y","b","e","r"," ","S","e","c","u","r","i","t","y"," ","S","u","d","a","h"," ","D","i","b","u","k","a","?"," ","T","e","r","i","m","a"," ","K","a","s","i","h"] to 'setValue' request body
[debug] [38;5;48m[AndroidUiautomator2Driver@b882 (779ba56b)][0m Proxying [POST /element/00000000-0000-074c-ffff-ffff00000677/value] to [POST http://127.0.0.1:8201/session/1b5f7e62-d4cb-411b-9f5a-48bc91740038/element/00000000-0000-074c-ffff-ffff00000677/value] with body: {"elementId":"00000000-0000-074c-ffff-ffff00000677","text":"Hallo Admin, Apakah Kelas Cyber Security Sudah Dibuka? Terima Kasih","replace":false,"value":["H","a","l","l","o"," ","A","d","m","i","n",","," ","A","p","a","k","a","h"," ","K","e","l","a","s"," ","C","y","b","e","r"," ","S","e","c","u","r","i","t","y"," ","S","u","d","a","h"," ","D","i","b","u","k","a","?"," ","T","e","r","i","m","a"," ","K","a","s","i","h"]}
[debug] [38;5;48m[AndroidUiautomator2Driver@b882 (779ba56b)][0m Got response with status 200: {"sessionId":"1b5f7e62-d4cb-411b-9f5a-48bc91740038","value":null}
[debug] [38;5;48m[AndroidUiautomator2Driver@b882 (779ba56b)][0m Responding to client with driver.setValue() result: null
[38;5;0m[HTTP][0m [37m<-- POST /session/779ba56b-93b6-4775-aa91-54bd2fc49b31/element/00000000-0000-074c-ffff-ffff00000677/value [39m[32m200[39m [90m1691 ms - 14[39m
[38;5;0m[HTTP][0m [90m[39m
[38;5;0m[HTTP][0m [37m-->[39m [37mPOST[39m [37m/session/779ba56b-93b6-4775-aa91-54bd2fc49b31/element[39m
[38;5;0m[HTTP][0m [90m{"using":"xpath","value":"/hierarchy/android.widget.FrameLayout/android.widget.LinearLayout/android.widget.FrameLayout/android.widget.LinearLayout/android.widget.FrameLayout/android.view.ViewGroup/android.widget.FrameLayout/android.widget.FrameLayout/android.view.ViewGroup/android.widget.FrameLayout[3]/android.widget.LinearLayout/android.widget.LinearLayout/android.widget.LinearLayout/android.widget.Button"}[39m
[debug] [38;5;48m[AndroidUiautomator2Driver@b882 (779ba56b)][0m Calling AppiumDriver.findElement() with args: ["xpath","/hierarchy/android.widget.FrameLayout/android.widget.LinearLayout/android.widget.FrameLayout/android.widget.LinearLayout/android.widget.FrameLayout/android.view.ViewGroup/android.widget.FrameLayout/android.widget.FrameLayout/android.view.ViewGroup/android.widget.FrameLayout[3]/android.widget.LinearLayout/android.widget.LinearLayout/android.widget.LinearLayout/android.widget.Button","779ba56b-93b6-4775-aa91-54bd2fc49b31"]
[debug] [38;5;48m[AndroidUiautomator2Driver@b882 (779ba56b)][0m Valid locator strategies for this request: xpath, id, class name, accessibility id, css selector, -android uiautomator
[debug] [38;5;48m[AndroidUiautomator2Driver@b882 (779ba56b)][0m Waiting up to 0 ms for condition
[debug] [38;5;48m[AndroidUiautomator2Driver@b882 (779ba56b)][0m Matched '/element' to command name 'findElement'
[debug] [38;5;48m[AndroidUiautomator2Driver@b882 (779ba56b)][0m Proxying [POST /element] to [POST http://127.0.0.1:8201/session/1b5f7e62-d4cb-411b-9f5a-48bc91740038/element] with body: {"strategy":"xpath","selector":"/hierarchy/android.widget.FrameLayout/android.widget.LinearLayout/android.widget.FrameLayout/android.widget.LinearLayout/android.widget.FrameLayout/android.view.ViewGroup/android.widget.FrameLayout/android.widget.FrameLayout/android.view.ViewGroup/android.widget.FrameLayout[3]/android.widget.LinearLayout/android.widget.LinearLayout/android.widget.LinearLayout/android.widget.Button","context":"","multiple":false}
[debug] [38;5;48m[AndroidUiautomator2Driver@b882 (779ba56b)][0m Got response with status 200: {"sessionId":"1b5f7e62-d4cb-411b-9f5a-48bc91740038","value":{"ELEMENT":"00000000-0000-074c-ffff-ffff0000067e","element-6066-11e4-a52e-4f735466cecf":"00000000-0000-074c-ffff-ffff0000067e"}}
[debug] [38;5;48m[AndroidUiautomator2Driver@b882 (779ba56b)][0m Responding to client with driver.findElement() result: {"element-6066-11e4-a52e-4f735466cecf":"00000000-0000-074c-ffff-ffff0000067e","ELEMENT":"00000000-0000-074c-ffff-ffff0000067e"}
[38;5;0m[HTTP][0m [37m<-- POST /session/779ba56b-93b6-4775-aa91-54bd2fc49b31/element [39m[32m200[39m [90m287 ms - 137[39m
[38;5;0m[HTTP][0m [90m[39m
[38;5;0m[HTTP][0m [37m-->[39m [37mPOST[39m [37m/session/779ba56b-93b6-4775-aa91-54bd2fc49b31/element/00000000-0000-074c-ffff-ffff0000067e/click[39m
[38;5;0m[HTTP][0m [90m{}[39m
[debug] [38;5;48m[AndroidUiautomator2Driver@b882 (779ba56b)][0m Calling AppiumDriver.click() with args: ["00000000-0000-074c-ffff-ffff0000067e","779ba56b-93b6-4775-aa91-54bd2fc49b31"]
[debug] [38;5;48m[AndroidUiautomator2Driver@b882 (779ba56b)][0m Matched '/element/00000000-0000-074c-ffff-ffff0000067e/click' to command name 'click'
[debug] [38;5;48m[AndroidUiautomator2Driver@b882 (779ba56b)][0m Proxying [POST /element/00000000-0000-074c-ffff-ffff0000067e/click] to [POST http://127.0.0.1:8201/session/1b5f7e62-d4cb-411b-9f5a-48bc91740038/element/00000000-0000-074c-ffff-ffff0000067e/click] with body: {"element":"00000000-0000-074c-ffff-ffff0000067e"}
[debug] [38;5;48m[AndroidUiautomator2Driver@b882 (779ba56b)][0m Got response with status 200: {"sessionId":"1b5f7e62-d4cb-411b-9f5a-48bc91740038","value":null}
[debug] [38;5;48m[AndroidUiautomator2Driver@b882 (779ba56b)][0m Responding to client with driver.click() result: null
[38;5;0m[HTTP][0m [37m<-- POST /session/779ba56b-93b6-4775-aa91-54bd2fc49b31/element/00000000-0000-074c-ffff-ffff0000067e/click [39m[32m200[39m [90m97 ms - 14[39m
[38;5;0m[HTTP][0m [90m[39m
[38;5;0m[HTTP][0m [37m-->[39m [37mPOST[39m [37m/session/779ba56b-93b6-4775-aa91-54bd2fc49b31/appium/device/hide_keyboard[39m
[38;5;0m[HTTP][0m [90m{}[39m
[debug] [38;5;48m[AndroidUiautomator2Driver@b882 (779ba56b)][0m Calling AppiumDriver.hideKeyboard() with args: [null,null,null,null,"779ba56b-93b6-4775-aa91-54bd2fc49b31"]
[debug] [38;5;64m[ADB][0m Running 'C:\Users\Muhammad Zikri\AppData\Local\Android\Sdk\platform-tools\adb.exe -P 5037 -s 54cc2b5d shell dumpsys input_method'
[debug] [38;5;64m[ADB][0m Running 'C:\Users\Muhammad Zikri\AppData\Local\Android\Sdk\platform-tools\adb.exe -P 5037 -s 54cc2b5d shell input keyevent 111'
[debug] [38;5;64m[ADB][0m Running 'C:\Users\Muhammad Zikri\AppData\Local\Android\Sdk\platform-tools\adb.exe -P 5037 -s 54cc2b5d shell dumpsys input_method'
[debug] [38;5;64m[ADB][0m Running 'C:\Users\Muhammad Zikri\AppData\Local\Android\Sdk\platform-tools\adb.exe -P 5037 -s 54cc2b5d shell dumpsys input_method'
[debug] [38;5;64m[ADB][0m Running 'C:\Users\Muhammad Zikri\AppData\Local\Android\Sdk\platform-tools\adb.exe -P 5037 -s 54cc2b5d shell dumpsys input_method'
[debug] [38;5;64m[ADB][0m Running 'C:\Users\Muhammad Zikri\AppData\Local\Android\Sdk\platform-tools\adb.exe -P 5037 -s 54cc2b5d shell input keyevent 4'
[debug] [38;5;64m[ADB][0m Running 'C:\Users\Muhammad Zikri\AppData\Local\Android\Sdk\platform-tools\adb.exe -P 5037 -s 54cc2b5d shell dumpsys input_method'
[debug] [38;5;48m[AndroidUiautomator2Driver@b882 (779ba56b)][0m Responding to client with driver.hideKeyboard() result: true
[38;5;0m[HTTP][0m [37m<-- POST /session/779ba56b-93b6-4775-aa91-54bd2fc49b31/appium/device/hide_keyboard [39m[32m200[39m [90m2256 ms - 14[39m
[38;5;0m[HTTP][0m [90m[39m
[38;5;0m[HTTP][0m [37m-->[39m [37mDELETE[39m [37m/session/779ba56b-93b6-4775-aa91-54bd2fc49b31[39m
[38;5;0m[HTTP][0m [90m{}[39m
[debug] [38;5;48m[AndroidUiautomator2Driver@b882 (779ba56b)][0m Calling AppiumDriver.deleteSession() with args: ["779ba56b-93b6-4775-aa91-54bd2fc49b31"]
[debug] [38;5;16m[AppiumDriver@4de4][0m Event 'quitSessionRequested' logged at 1695568651819 (22:17:31 GMT+0700 (Western Indonesia Time))
[38;5;16m[AppiumDriver@4de4][0m Removing session 779ba56b-93b6-4775-aa91-54bd2fc49b31 from our master session list
[debug] [38;5;48m[AndroidUiautomator2Driver@b882 (779ba56b)][0m Deleting UiAutomator2 session
[debug] [38;5;48m[AndroidUiautomator2Driver@b882 (779ba56b)][0m Deleting UiAutomator2 server session
[debug] [38;5;48m[AndroidUiautomator2Driver@b882 (779ba56b)][0m Matched '/' to command name 'deleteSession'
[debug] [38;5;48m[AndroidUiautomator2Driver@b882 (779ba56b)][0m Proxying [DELETE /] to [DELETE http://127.0.0.1:8201/session/1b5f7e62-d4cb-411b-9f5a-48bc91740038] with no body
[debug] [38;5;48m[AndroidUiautomator2Driver@b882 (779ba56b)][0m Got response with status 200: {"sessionId":"1b5f7e62-d4cb-411b-9f5a-48bc91740038","value":null}
[debug] [38;5;64m[ADB][0m Running 'C:\Users\Muhammad Zikri\AppData\Local\Android\Sdk\platform-tools\adb.exe -P 5037 -s 54cc2b5d shell dumpsys activity services io.appium.settings/.recorder.RecorderService'
[debug] [38;5;96m[Logcat][0m Stopping logcat capture
[debug] [38;5;64m[ADB][0m Removing forwarded port socket connection: 8201 
[debug] [38;5;64m[ADB][0m Running 'C:\Users\Muhammad Zikri\AppData\Local\Android\Sdk\platform-tools\adb.exe -P 5037 -s 54cc2b5d forward --remove tcp:8201'
[debug] [38;5;112m[Instrumentation][0m .
[debug] [38;5;112m[Instrumentation][0m Time: 51.086
[debug] [38;5;112m[Instrumentation][0m 
[debug] [38;5;112m[Instrumentation][0m OK (1 test)
[38;5;48m[AndroidUiautomator2Driver@b882 (779ba56b)][0m Restoring hidden api policy to the device default configuration
[debug] [38;5;64m[ADB][0m Running 'C:\Users\Muhammad Zikri\AppData\Local\Android\Sdk\platform-tools\adb.exe -P 5037 -s 54cc2b5d shell 'settings delete global hidden_api_policy_pre_p_apps;settings delete global hidden_api_policy_p_apps;settings delete global hidden_api_policy''
[debug] [38;5;16m[AppiumDriver@4de4][0m Event 'quitSessionFinished' logged at 1695568652472 (22:17:32 GMT+0700 (Western Indonesia Time))
[debug] [38;5;16m[AppiumDriver@4de4][0m Received response: null
[debug] [38;5;16m[AppiumDriver@4de4][0m But deleting session, so not returning
[debug] [38;5;16m[AppiumDriver@4de4][0m Responding to client with driver.deleteSession() result: null
[38;5;0m[HTTP][0m [37m<-- DELETE /session/779ba56b-93b6-4775-aa91-54bd2fc49b31 [39m[32m200[39m [90m656 ms - 14[39m
[38;5;0m[HTTP][0m [90m[39m
[debug] [38;5;112m[Instrumentation][0m The process has exited with code 0
